# JRE version: OpenJDK Runtime Environment (8.0_242-b01) (build 1.8.0_242-release-1644-b01)
# Java VM: OpenJDK 64-Bit Server VM (25.242-b01 mixed mode windows-amd64 compressed oops)
Heap:
 PSYoungGen      total 87040K, used 11173K [0x00000000eab00000, 0x00000000f0f00000, 0x0000000100000000)
  eden space 73728K, 15% used [0x00000000eab00000,0x00000000eb5e9400,0x00000000ef300000)
  from space 13312K, 0% used [0x00000000ef300000,0x00000000ef300000,0x00000000f0000000)
  to   space 11264K, 0% used [0x00000000f0000000,0x00000000f0000000,0x00000000f0b00000)
 ParOldGen       total 84480K, used 15392K [0x00000000c0000000, 0x00000000c5280000, 0x00000000eab00000)
  object space 84480K, 18% used [0x00000000c0000000,0x00000000c0f081d8,0x00000000c5280000)
 Metaspace       used 35916K, capacity 36806K, committed 36992K, reserved 1081344K
  class space    used 4910K, capacity 5208K, committed 5248K, reserved 1048576K
GC Heap History (10 events):
Event: 6.135 GC heap before
{Heap before GC invocations=7 (full 1):
 PSYoungGen      total 38400K, used 36710K [0x00000000eab00000, 0x00000000ef000000, 0x0000000100000000)
  eden space 33280K, 100% used [0x00000000eab00000,0x00000000ecb80000,0x00000000ecb80000)
  from space 5120K, 67% used [0x00000000ecb80000,0x00000000eced9a68,0x00000000ed080000)
  to   space 10752K, 0% used [0x00000000ee580000,0x00000000ee580000,0x00000000ef000000)
 ParOldGen       total 64512K, used 8835K [0x00000000c0000000, 0x00000000c3f00000, 0x00000000eab00000)
  object space 64512K, 13% used [0x00000000c0000000,0x00000000c08a0d98,0x00000000c3f00000)
 Metaspace       used 25615K, capacity 26286K, committed 26624K, reserved 1073152K
  class space    used 3527K, capacity 3720K, committed 3840K, reserved 1048576K
Event: 6.147 GC heap after
Heap after GC invocations=7 (full 1):
 PSYoungGen      total 59904K, used 4960K [0x00000000eab00000, 0x00000000ef180000, 0x0000000100000000)
  eden space 49152K, 0% used [0x00000000eab00000,0x00000000eab00000,0x00000000edb00000)
  from space 10752K, 46% used [0x00000000ee580000,0x00000000eea58000,0x00000000ef000000)
  to   space 10752K, 0% used [0x00000000edb00000,0x00000000edb00000,0x00000000ee580000)
 ParOldGen       total 64512K, used 8843K [0x00000000c0000000, 0x00000000c3f00000, 0x00000000eab00000)
  object space 64512K, 13% used [0x00000000c0000000,0x00000000c08a2d98,0x00000000c3f00000)
 Metaspace       used 25615K, capacity 26286K, committed 26624K, reserved 1073152K
  class space    used 3527K, capacity 3720K, committed 3840K, reserved 1048576K
}
Event: 7.103 GC heap before
{Heap before GC invocations=8 (full 1):
 PSYoungGen      total 59904K, used 54112K [0x00000000eab00000, 0x00000000ef180000, 0x0000000100000000)
  eden space 49152K, 100% used [0x00000000eab00000,0x00000000edb00000,0x00000000edb00000)
  from space 10752K, 46% used [0x00000000ee580000,0x00000000eea58000,0x00000000ef000000)
  to   space 10752K, 0% used [0x00000000edb00000,0x00000000edb00000,0x00000000ee580000)
 ParOldGen       total 64512K, used 8843K [0x00000000c0000000, 0x00000000c3f00000, 0x00000000eab00000)
  object space 64512K, 13% used [0x00000000c0000000,0x00000000c08a2d98,0x00000000c3f00000)
 Metaspace       used 29060K, capacity 29750K, committed 29952K, reserved 1075200K
  class space    used 4028K, capacity 4234K, committed 4352K, reserved 1048576K
Event: 7.120 GC heap after
Heap after GC invocations=8 (full 1):
 PSYoungGen      total 59904K, used 8717K [0x00000000eab00000, 0x00000000f0b00000, 0x0000000100000000)
  eden space 49152K, 0% used [0x00000000eab00000,0x00000000eab00000,0x00000000edb00000)
  from space 10752K, 81% used [0x00000000edb00000,0x00000000ee383600,0x00000000ee580000)
  to   space 11264K, 0% used [0x00000000f0000000,0x00000000f0000000,0x00000000f0b00000)
 ParOldGen       total 64512K, used 8851K [0x00000000c0000000, 0x00000000c3f00000, 0x00000000eab00000)
  object space 64512K, 13% used [0x00000000c0000000,0x00000000c08a4d98,0x00000000c3f00000)
 Metaspace       used 29060K, capacity 29750K, committed 29952K, reserved 1075200K
  class space    used 4028K, capacity 4234K, committed 4352K, reserved 1048576K
}
Event: 8.383 GC heap before
{Heap before GC invocations=9 (full 1):
 PSYoungGen      total 59904K, used 57869K [0x00000000eab00000, 0x00000000f0b00000, 0x0000000100000000)
  eden space 49152K, 100% used [0x00000000eab00000,0x00000000edb00000,0x00000000edb00000)
  from space 10752K, 81% used [0x00000000edb00000,0x00000000ee383600,0x00000000ee580000)
  to   space 11264K, 0% used [0x00000000f0000000,0x00000000f0000000,0x00000000f0b00000)
 ParOldGen       total 64512K, used 8851K [0x00000000c0000000, 0x00000000c3f00000, 0x00000000eab00000)
  object space 64512K, 13% used [0x00000000c0000000,0x00000000c08a4d98,0x00000000c3f00000)
 Metaspace       used 33954K, capacity 34854K, committed 35072K, reserved 1079296K
  class space    used 4686K, capacity 5004K, committed 5120K, reserved 1048576K
Event: 8.399 GC heap after
Heap after GC invocations=9 (full 1):
 PSYoungGen      total 84992K, used 11262K [0x00000000eab00000, 0x00000000f0f00000, 0x0000000100000000)
  eden space 73728K, 0% used [0x00000000eab00000,0x00000000eab00000,0x00000000ef300000)
  from space 11264K, 99% used [0x00000000f0000000,0x00000000f0aff928,0x00000000f0b00000)
  to   space 13312K, 0% used [0x00000000ef300000,0x00000000ef300000,0x00000000f0000000)
 ParOldGen       total 64512K, used 9505K [0x00000000c0000000, 0x00000000c3f00000, 0x00000000eab00000)
  object space 64512K, 14% used [0x00000000c0000000,0x00000000c0948468,0x00000000c3f00000)
 Metaspace       used 33954K, capacity 34854K, committed 35072K, reserved 1079296K
  class space    used 4686K, capacity 5004K, committed 5120K, reserved 1048576K
}
Event: 8.464 GC heap before
{Heap before GC invocations=10 (full 1):
 PSYoungGen      total 84992K, used 15299K [0x00000000eab00000, 0x00000000f0f00000, 0x0000000100000000)
  eden space 73728K, 5% used [0x00000000eab00000,0x00000000eaef16a8,0x00000000ef300000)
  from space 11264K, 99% used [0x00000000f0000000,0x00000000f0aff928,0x00000000f0b00000)
  to   space 13312K, 0% used [0x00000000ef300000,0x00000000ef300000,0x00000000f0000000)
 ParOldGen       total 64512K, used 9505K [0x00000000c0000000, 0x00000000c3f00000, 0x00000000eab00000)
  object space 64512K, 14% used [0x00000000c0000000,0x00000000c0948468,0x00000000c3f00000)
 Metaspace       used 34353K, capacity 35238K, committed 35416K, reserved 1079296K
  class space    used 4738K, capacity 5068K, committed 5120K, reserved 1048576K
Event: 8.477 GC heap after
Heap after GC invocations=10 (full 1):
 PSYoungGen      total 87040K, used 9304K [0x00000000eab00000, 0x00000000f0f00000, 0x0000000100000000)
  eden space 73728K, 0% used [0x00000000eab00000,0x00000000eab00000,0x00000000ef300000)
  from space 13312K, 69% used [0x00000000ef300000,0x00000000efc16288,0x00000000f0000000)
  to   space 11264K, 0% used [0x00000000f0000000,0x00000000f0000000,0x00000000f0b00000)
 ParOldGen       total 64512K, used 9513K [0x00000000c0000000, 0x00000000c3f00000, 0x00000000eab00000)
  object space 64512K, 14% used [0x00000000c0000000,0x00000000c094a468,0x00000000c3f00000)
 Metaspace       used 34353K, capacity 35238K, committed 35416K, reserved 1079296K
  class space    used 4738K, capacity 5068K, committed 5120K, reserved 1048576K
}
Event: 8.477 GC heap before
{Heap before GC invocations=11 (full 2):
 PSYoungGen      total 87040K, used 9304K [0x00000000eab00000, 0x00000000f0f00000, 0x0000000100000000)
  eden space 73728K, 0% used [0x00000000eab00000,0x00000000eab00000,0x00000000ef300000)
  from space 13312K, 69% used [0x00000000ef300000,0x00000000efc16288,0x00000000f0000000)
  to   space 11264K, 0% used [0x00000000f0000000,0x00000000f0000000,0x00000000f0b00000)
 ParOldGen       total 64512K, used 9513K [0x00000000c0000000, 0x00000000c3f00000, 0x00000000eab00000)
  object space 64512K, 14% used [0x00000000c0000000,0x00000000c094a468,0x00000000c3f00000)
 Metaspace       used 34353K, capacity 35238K, committed 35416K, reserved 1079296K
  class space    used 4738K, capacity 5068K, committed 5120K, reserved 1048576K
Event: 8.589 GC heap after
Heap after GC invocations=11 (full 2):
 PSYoungGen      total 87040K, used 0K [0x00000000eab00000, 0x00000000f0f00000, 0x0000000100000000)
  eden space 73728K, 0% used [0x00000000eab00000,0x00000000eab00000,0x00000000ef300000)
  from space 13312K, 0% used [0x00000000ef300000,0x00000000ef300000,0x00000000f0000000)
  to   space 11264K, 0% used [0x00000000f0000000,0x00000000f0000000,0x00000000f0b00000)
 ParOldGen       total 84480K, used 15392K [0x00000000c0000000, 0x00000000c5280000, 0x00000000eab00000)
  object space 84480K, 18% used [0x00000000c0000000,0x00000000c0f081d8,0x00000000c5280000)
 Metaspace       used 34353K, capacity 35238K, committed 35416K, reserved 1079296K
  class space    used 4738K, capacity 5068K, committed 5120K, reserved 1048576K
}

