# JRE version: OpenJDK Runtime Environment (8.0_242-b01) (build 1.8.0_242-release-1644-b01)
# Java VM: OpenJDK 64-Bit Server VM (25.242-b01 mixed mode windows-amd64 compressed oops)
Heap:
 PSYoungGen      total 307712K, used 127910K [0x00000000eab00000, 0x0000000100000000, 0x0000000100000000)
  eden space 282624K, 37% used [0x00000000eab00000,0x00000000f11dac88,0x00000000fbf00000)
  from space 25088K, 90% used [0x00000000fbf00000,0x00000000fd50ede0,0x00000000fd780000)
  to   space 28160K, 0% used [0x00000000fe480000,0x00000000fe480000,0x0000000100000000)
 ParOldGen       total 139776K, used 45016K [0x00000000c0000000, 0x00000000c8880000, 0x00000000eab00000)
  object space 139776K, 32% used [0x00000000c0000000,0x00000000c2bf6110,0x00000000c8880000)
 Metaspace       used 74904K, capacity 77844K, committed 77912K, reserved 1116160K
  class space    used 9926K, capacity 10580K, committed 10624K, reserved 1048576K
GC Heap History (10 events):
Event: 50.494 GC heap before
{Heap before GC invocations=18 (full 3):
 PSYoungGen      total 179200K, used 157350K [0x00000000eab00000, 0x00000000f7980000, 0x0000000100000000)
  eden space 157696K, 99% used [0x00000000eab00000,0x00000000f44a98d0,0x00000000f4500000)
  from space 21504K, 0% used [0x00000000f5b80000,0x00000000f5b80000,0x00000000f7080000)
  to   space 23040K, 0% used [0x00000000f4500000,0x00000000f4500000,0x00000000f5b80000)
 ParOldGen       total 139776K, used 34998K [0x00000000c0000000, 0x00000000c8880000, 0x00000000eab00000)
  object space 139776K, 25% used [0x00000000c0000000,0x00000000c222daf0,0x00000000c8880000)
 Metaspace       used 59427K, capacity 61676K, committed 61784K, reserved 1101824K
  class space    used 7973K, capacity 8486K, committed 8576K, reserved 1048576K
Event: 50.517 GC heap after
Heap after GC invocations=18 (full 3):
 PSYoungGen      total 180736K, used 23018K [0x00000000eab00000, 0x00000000faa80000, 0x0000000100000000)
  eden space 157696K, 0% used [0x00000000eab00000,0x00000000eab00000,0x00000000f4500000)
  from space 23040K, 99% used [0x00000000f4500000,0x00000000f5b7a8a0,0x00000000f5b80000)
  to   space 26624K, 0% used [0x00000000f9080000,0x00000000f9080000,0x00000000faa80000)
 ParOldGen       total 139776K, used 35521K [0x00000000c0000000, 0x00000000c8880000, 0x00000000eab00000)
  object space 139776K, 25% used [0x00000000c0000000,0x00000000c22b0718,0x00000000c8880000)
 Metaspace       used 59427K, capacity 61676K, committed 61784K, reserved 1101824K
  class space    used 7973K, capacity 8486K, committed 8576K, reserved 1048576K
}
Event: 50.558 GC heap before
{Heap before GC invocations=19 (full 3):
 PSYoungGen      total 180736K, used 180576K [0x00000000eab00000, 0x00000000faa80000, 0x0000000100000000)
  eden space 157696K, 99% used [0x00000000eab00000,0x00000000f44dda28,0x00000000f4500000)
  from space 23040K, 99% used [0x00000000f4500000,0x00000000f5b7a8a0,0x00000000f5b80000)
  to   space 26624K, 0% used [0x00000000f9080000,0x00000000f9080000,0x00000000faa80000)
 ParOldGen       total 139776K, used 35521K [0x00000000c0000000, 0x00000000c8880000, 0x00000000eab00000)
  object space 139776K, 25% used [0x00000000c0000000,0x00000000c22b0718,0x00000000c8880000)
 Metaspace       used 59437K, capacity 61676K, committed 61784K, reserved 1101824K
  class space    used 7973K, capacity 8486K, committed 8576K, reserved 1048576K
Event: 50.569 GC heap after
Heap after GC invocations=19 (full 3):
 PSYoungGen      total 235520K, used 7898K [0x00000000eab00000, 0x00000000fc700000, 0x0000000100000000)
  eden space 208896K, 0% used [0x00000000eab00000,0x00000000eab00000,0x00000000f7700000)
  from space 26624K, 29% used [0x00000000f9080000,0x00000000f9836a40,0x00000000faa80000)
  to   space 26112K, 0% used [0x00000000f7700000,0x00000000f7700000,0x00000000f9080000)
 ParOldGen       total 139776K, used 35529K [0x00000000c0000000, 0x00000000c8880000, 0x00000000eab00000)
  object space 139776K, 25% used [0x00000000c0000000,0x00000000c22b2718,0x00000000c8880000)
 Metaspace       used 59437K, capacity 61676K, committed 61784K, reserved 1101824K
  class space    used 7973K, capacity 8486K, committed 8576K, reserved 1048576K
}
Event: 50.604 GC heap before
{Heap before GC invocations=20 (full 3):
 PSYoungGen      total 235520K, used 216535K [0x00000000eab00000, 0x00000000fc700000, 0x0000000100000000)
  eden space 208896K, 99% used [0x00000000eab00000,0x00000000f76bf3e0,0x00000000f7700000)
  from space 26624K, 29% used [0x00000000f9080000,0x00000000f9836a40,0x00000000faa80000)
  to   space 26112K, 0% used [0x00000000f7700000,0x00000000f7700000,0x00000000f9080000)
 ParOldGen       total 139776K, used 35529K [0x00000000c0000000, 0x00000000c8880000, 0x00000000eab00000)
  object space 139776K, 25% used [0x00000000c0000000,0x00000000c22b2718,0x00000000c8880000)
 Metaspace       used 59443K, capacity 61676K, committed 61784K, reserved 1101824K
  class space    used 7973K, capacity 8486K, committed 8576K, reserved 1048576K
Event: 50.614 GC heap after
Heap after GC invocations=20 (full 3):
 PSYoungGen      total 235008K, used 96K [0x00000000eab00000, 0x00000000ff580000, 0x0000000100000000)
  eden space 208896K, 0% used [0x00000000eab00000,0x00000000eab00000,0x00000000f7700000)
  from space 26112K, 0% used [0x00000000f7700000,0x00000000f7718000,0x00000000f9080000)
  to   space 26624K, 0% used [0x00000000fdb80000,0x00000000fdb80000,0x00000000ff580000)
 ParOldGen       total 139776K, used 42943K [0x00000000c0000000, 0x00000000c8880000, 0x00000000eab00000)
  object space 139776K, 30% used [0x00000000c0000000,0x00000000c29eff78,0x00000000c8880000)
 Metaspace       used 59443K, capacity 61676K, committed 61784K, reserved 1101824K
  class space    used 7973K, capacity 8486K, committed 8576K, reserved 1048576K
}
Event: 54.799 GC heap before
{Heap before GC invocations=21 (full 3):
 PSYoungGen      total 235008K, used 208992K [0x00000000eab00000, 0x00000000ff580000, 0x0000000100000000)
  eden space 208896K, 100% used [0x00000000eab00000,0x00000000f7700000,0x00000000f7700000)
  from space 26112K, 0% used [0x00000000f7700000,0x00000000f7718000,0x00000000f9080000)
  to   space 26624K, 0% used [0x00000000fdb80000,0x00000000fdb80000,0x00000000ff580000)
 ParOldGen       total 139776K, used 42943K [0x00000000c0000000, 0x00000000c8880000, 0x00000000eab00000)
  object space 139776K, 30% used [0x00000000c0000000,0x00000000c29eff78,0x00000000c8880000)
 Metaspace       used 66687K, capacity 69440K, committed 69592K, reserved 1110016K
  class space    used 8843K, capacity 9412K, committed 9472K, reserved 1048576K
Event: 54.819 GC heap after
Heap after GC invocations=21 (full 3):
 PSYoungGen      total 303616K, used 8702K [0x00000000eab00000, 0x00000000ff000000, 0x0000000100000000)
  eden space 282624K, 0% used [0x00000000eab00000,0x00000000eab00000,0x00000000fbf00000)
  from space 20992K, 41% used [0x00000000fdb80000,0x00000000fe3ffac8,0x00000000ff000000)
  to   space 25088K, 0% used [0x00000000fbf00000,0x00000000fbf00000,0x00000000fd780000)
 ParOldGen       total 139776K, used 42975K [0x00000000c0000000, 0x00000000c8880000, 0x00000000eab00000)
  object space 139776K, 30% used [0x00000000c0000000,0x00000000c29f7f78,0x00000000c8880000)
 Metaspace       used 66687K, capacity 69440K, committed 69592K, reserved 1110016K
  class space    used 8843K, capacity 9412K, committed 9472K, reserved 1048576K
}
Event: 61.185 GC heap before
{Heap before GC invocations=22 (full 3):
 PSYoungGen      total 303616K, used 268283K [0x00000000eab00000, 0x00000000ff000000, 0x0000000100000000)
  eden space 282624K, 91% used [0x00000000eab00000,0x00000000fa87f2c0,0x00000000fbf00000)
  from space 20992K, 41% used [0x00000000fdb80000,0x00000000fe3ffac8,0x00000000ff000000)
  to   space 25088K, 0% used [0x00000000fbf00000,0x00000000fbf00000,0x00000000fd780000)
 ParOldGen       total 139776K, used 42975K [0x00000000c0000000, 0x00000000c8880000, 0x00000000eab00000)
  object space 139776K, 30% used [0x00000000c0000000,0x00000000c29f7f78,0x00000000c8880000)
 Metaspace       used 74185K, capacity 77122K, committed 77272K, reserved 1116160K
  class space    used 9813K, capacity 10469K, committed 10496K, reserved 1048576K
Event: 61.213 GC heap after
Heap after GC invocations=22 (full 3):
 PSYoungGen      total 307712K, used 22587K [0x00000000eab00000, 0x0000000100000000, 0x0000000100000000)
  eden space 282624K, 0% used [0x00000000eab00000,0x00000000eab00000,0x00000000fbf00000)
  from space 25088K, 90% used [0x00000000fbf00000,0x00000000fd50ede0,0x00000000fd780000)
  to   space 28160K, 0% used [0x00000000fe480000,0x00000000fe480000,0x0000000100000000)
 ParOldGen       total 139776K, used 45016K [0x00000000c0000000, 0x00000000c8880000, 0x00000000eab00000)
  object space 139776K, 32% used [0x00000000c0000000,0x00000000c2bf6110,0x00000000c8880000)
 Metaspace       used 74185K, capacity 77122K, committed 77272K, reserved 1116160K
  class space    used 9813K, capacity 10469K, committed 10496K, reserved 1048576K
}

