# JRE version: OpenJDK Runtime Environment (8.0_242-b01) (build 1.8.0_242-release-1644-b01)
# Java VM: OpenJDK 64-Bit Server VM (25.242-b01 mixed mode windows-amd64 compressed oops)
Heap:
 PSYoungGen      total 156160K, used 94393K [0x00000000eab00000, 0x00000000f8c00000, 0x0000000100000000)
  eden space 139776K, 56% used [0x00000000eab00000,0x00000000ef7f21c8,0x00000000f3380000)
  from space 16384K, 95% used [0x00000000f3380000,0x00000000f42bc438,0x00000000f4380000)
  to   space 18432K, 0% used [0x00000000f7a00000,0x00000000f7a00000,0x00000000f8c00000)
 ParOldGen       total 84992K, used 19328K [0x00000000c0000000, 0x00000000c5300000, 0x00000000eab00000)
  object space 84992K, 22% used [0x00000000c0000000,0x00000000c12e0148,0x00000000c5300000)
 Metaspace       used 55257K, capacity 57202K, committed 57472K, reserved 1099776K
  class space    used 7527K, capacity 7995K, committed 8064K, reserved 1048576K
GC Heap History (10 events):
Event: 11.013 GC heap before
{Heap before GC invocations=11 (full 2):
 PSYoungGen      total 84992K, used 9352K [0x00000000eab00000, 0x00000000f2d00000, 0x0000000100000000)
  eden space 71680K, 0% used [0x00000000eab00000,0x00000000eab00000,0x00000000ef100000)
  from space 13312K, 70% used [0x00000000ef100000,0x00000000efa222d0,0x00000000efe00000)
  to   space 13312K, 0% used [0x00000000f2000000,0x00000000f2000000,0x00000000f2d00000)
 ParOldGen       total 65024K, used 9487K [0x00000000c0000000, 0x00000000c3f80000, 0x00000000eab00000)
  object space 65024K, 14% used [0x00000000c0000000,0x00000000c0943f00,0x00000000c3f80000)
 Metaspace       used 34428K, capacity 35238K, committed 35416K, reserved 1079296K
  class space    used 4754K, capacity 5068K, committed 5120K, reserved 1048576K
Event: 11.130 GC heap after
Heap after GC invocations=11 (full 2):
 PSYoungGen      total 84992K, used 0K [0x00000000eab00000, 0x00000000f2d00000, 0x0000000100000000)
  eden space 71680K, 0% used [0x00000000eab00000,0x00000000eab00000,0x00000000ef100000)
  from space 13312K, 0% used [0x00000000ef100000,0x00000000ef100000,0x00000000efe00000)
  to   space 13312K, 0% used [0x00000000f2000000,0x00000000f2000000,0x00000000f2d00000)
 ParOldGen       total 84992K, used 15406K [0x00000000c0000000, 0x00000000c5300000, 0x00000000eab00000)
  object space 84992K, 18% used [0x00000000c0000000,0x00000000c0f0b938,0x00000000c5300000)
 Metaspace       used 34428K, capacity 35238K, committed 35416K, reserved 1079296K
  class space    used 4754K, capacity 5068K, committed 5120K, reserved 1048576K
}
Event: 12.910 GC heap before
{Heap before GC invocations=12 (full 2):
 PSYoungGen      total 84992K, used 71680K [0x00000000eab00000, 0x00000000f2d00000, 0x0000000100000000)
  eden space 71680K, 100% used [0x00000000eab00000,0x00000000ef100000,0x00000000ef100000)
  from space 13312K, 0% used [0x00000000ef100000,0x00000000ef100000,0x00000000efe00000)
  to   space 13312K, 0% used [0x00000000f2000000,0x00000000f2000000,0x00000000f2d00000)
 ParOldGen       total 84992K, used 15406K [0x00000000c0000000, 0x00000000c5300000, 0x00000000eab00000)
  object space 84992K, 18% used [0x00000000c0000000,0x00000000c0f0b938,0x00000000c5300000)
 Metaspace       used 39663K, capacity 40606K, committed 41088K, reserved 1085440K
  class space    used 5359K, capacity 5648K, committed 5760K, reserved 1048576K
Event: 12.922 GC heap after
Heap after GC invocations=12 (full 2):
 PSYoungGen      total 109056K, used 7309K [0x00000000eab00000, 0x00000000f2780000, 0x0000000100000000)
  eden space 101376K, 0% used [0x00000000eab00000,0x00000000eab00000,0x00000000f0e00000)
  from space 7680K, 95% used [0x00000000f2000000,0x00000000f2723588,0x00000000f2780000)
  to   space 12800K, 0% used [0x00000000f0e80000,0x00000000f0e80000,0x00000000f1b00000)
 ParOldGen       total 84992K, used 15414K [0x00000000c0000000, 0x00000000c5300000, 0x00000000eab00000)
  object space 84992K, 18% used [0x00000000c0000000,0x00000000c0f0d938,0x00000000c5300000)
 Metaspace       used 39663K, capacity 40606K, committed 41088K, reserved 1085440K
  class space    used 5359K, capacity 5648K, committed 5760K, reserved 1048576K
}
Event: 14.810 GC heap before
{Heap before GC invocations=13 (full 2):
 PSYoungGen      total 109056K, used 108685K [0x00000000eab00000, 0x00000000f2780000, 0x0000000100000000)
  eden space 101376K, 100% used [0x00000000eab00000,0x00000000f0e00000,0x00000000f0e00000)
  from space 7680K, 95% used [0x00000000f2000000,0x00000000f2723588,0x00000000f2780000)
  to   space 12800K, 0% used [0x00000000f0e80000,0x00000000f0e80000,0x00000000f1b00000)
 ParOldGen       total 84992K, used 15414K [0x00000000c0000000, 0x00000000c5300000, 0x00000000eab00000)
  object space 84992K, 18% used [0x00000000c0000000,0x00000000c0f0d938,0x00000000c5300000)
 Metaspace       used 46761K, capacity 47886K, committed 48256K, reserved 1091584K
  class space    used 6333K, capacity 6674K, committed 6784K, reserved 1048576K
Event: 14.842 GC heap after
Heap after GC invocations=13 (full 2):
 PSYoungGen      total 114688K, used 12796K [0x00000000eab00000, 0x00000000f5200000, 0x0000000100000000)
  eden space 101888K, 0% used [0x00000000eab00000,0x00000000eab00000,0x00000000f0e80000)
  from space 12800K, 99% used [0x00000000f0e80000,0x00000000f1aff028,0x00000000f1b00000)
  to   space 14848K, 0% used [0x00000000f4380000,0x00000000f4380000,0x00000000f5200000)
 ParOldGen       total 84992K, used 15966K [0x00000000c0000000, 0x00000000c5300000, 0x00000000eab00000)
  object space 84992K, 18% used [0x00000000c0000000,0x00000000c0f97ae0,0x00000000c5300000)
 Metaspace       used 46761K, capacity 47886K, committed 48256K, reserved 1091584K
  class space    used 6333K, capacity 6674K, committed 6784K, reserved 1048576K
}
Event: 15.547 GC heap before
{Heap before GC invocations=14 (full 2):
 PSYoungGen      total 114688K, used 114684K [0x00000000eab00000, 0x00000000f5200000, 0x0000000100000000)
  eden space 101888K, 100% used [0x00000000eab00000,0x00000000f0e80000,0x00000000f0e80000)
  from space 12800K, 99% used [0x00000000f0e80000,0x00000000f1aff028,0x00000000f1b00000)
  to   space 14848K, 0% used [0x00000000f4380000,0x00000000f4380000,0x00000000f5200000)
 ParOldGen       total 84992K, used 15966K [0x00000000c0000000, 0x00000000c5300000, 0x00000000eab00000)
  object space 84992K, 18% used [0x00000000c0000000,0x00000000c0f97ae0,0x00000000c5300000)
 Metaspace       used 47199K, capacity 48348K, committed 48512K, reserved 1091584K
  class space    used 6351K, capacity 6715K, committed 6784K, reserved 1048576K
Event: 15.566 GC heap after
Heap after GC invocations=14 (full 2):
 PSYoungGen      total 154624K, used 14209K [0x00000000eab00000, 0x00000000f5580000, 0x0000000100000000)
  eden space 139776K, 0% used [0x00000000eab00000,0x00000000eab00000,0x00000000f3380000)
  from space 14848K, 95% used [0x00000000f4380000,0x00000000f5160488,0x00000000f5200000)
  to   space 16384K, 0% used [0x00000000f3380000,0x00000000f3380000,0x00000000f4380000)
 ParOldGen       total 84992K, used 16038K [0x00000000c0000000, 0x00000000c5300000, 0x00000000eab00000)
  object space 84992K, 18% used [0x00000000c0000000,0x00000000c0fa9af0,0x00000000c5300000)
 Metaspace       used 47199K, capacity 48348K, committed 48512K, reserved 1091584K
  class space    used 6351K, capacity 6715K, committed 6784K, reserved 1048576K
}
Event: 17.038 GC heap before
{Heap before GC invocations=15 (full 2):
 PSYoungGen      total 154624K, used 153985K [0x00000000eab00000, 0x00000000f5580000, 0x0000000100000000)
  eden space 139776K, 100% used [0x00000000eab00000,0x00000000f3380000,0x00000000f3380000)
  from space 14848K, 95% used [0x00000000f4380000,0x00000000f5160488,0x00000000f5200000)
  to   space 16384K, 0% used [0x00000000f3380000,0x00000000f3380000,0x00000000f4380000)
 ParOldGen       total 84992K, used 16038K [0x00000000c0000000, 0x00000000c5300000, 0x00000000eab00000)
  object space 84992K, 18% used [0x00000000c0000000,0x00000000c0fa9af0,0x00000000c5300000)
 Metaspace       used 50654K, capacity 52362K, committed 52480K, reserved 1093632K
  class space    used 6852K, capacity 7323K, committed 7424K, reserved 1048576K
Event: 17.072 GC heap after
Heap after GC invocations=15 (full 2):
 PSYoungGen      total 156160K, used 15601K [0x00000000eab00000, 0x00000000f8c00000, 0x0000000100000000)
  eden space 139776K, 0% used [0x00000000eab00000,0x00000000eab00000,0x00000000f3380000)
  from space 16384K, 95% used [0x00000000f3380000,0x00000000f42bc438,0x00000000f4380000)
  to   space 18432K, 0% used [0x00000000f7a00000,0x00000000f7a00000,0x00000000f8c00000)
 ParOldGen       total 84992K, used 19328K [0x00000000c0000000, 0x00000000c5300000, 0x00000000eab00000)
  object space 84992K, 22% used [0x00000000c0000000,0x00000000c12e0148,0x00000000c5300000)
 Metaspace       used 50654K, capacity 52362K, committed 52480K, reserved 1093632K
  class space    used 6852K, capacity 7323K, committed 7424K, reserved 1048576K
}

