# JRE version: OpenJDK Runtime Environment (8.0_242-b01) (build 1.8.0_242-release-1644-b01)
# Java VM: OpenJDK 64-Bit Server VM (25.242-b01 mixed mode windows-amd64 compressed oops)
Heap:
 PSYoungGen      total 87552K, used 58668K [0x00000000eab00000, 0x00000000f0f00000, 0x0000000100000000)
  eden space 75264K, 66% used [0x00000000eab00000,0x00000000edb90e68,0x00000000ef480000)
  from space 12288K, 72% used [0x00000000ef480000,0x00000000efd3a418,0x00000000f0080000)
  to   space 10752K, 0% used [0x00000000f0080000,0x00000000f0080000,0x00000000f0b00000)
 ParOldGen       total 100864K, used 16463K [0x00000000c0000000, 0x00000000c6280000, 0x00000000eab00000)
  object space 100864K, 16% used [0x00000000c0000000,0x00000000c1013c98,0x00000000c6280000)
 Metaspace       used 40817K, capacity 41716K, committed 41944K, reserved 1085440K
  class space    used 5584K, capacity 5879K, committed 5888K, reserved 1048576K
GC Heap History (10 events):
Event: 5.927 GC heap before
{Heap before GC invocations=7 (full 1):
 PSYoungGen      total 38400K, used 37341K [0x00000000eab00000, 0x00000000ef100000, 0x0000000100000000)
  eden space 33280K, 100% used [0x00000000eab00000,0x00000000ecb80000,0x00000000ecb80000)
  from space 5120K, 79% used [0x00000000ecb80000,0x00000000ecf777c0,0x00000000ed080000)
  to   space 11264K, 0% used [0x00000000ee600000,0x00000000ee600000,0x00000000ef100000)
 ParOldGen       total 65024K, used 9084K [0x00000000c0000000, 0x00000000c3f80000, 0x00000000eab00000)
  object space 65024K, 13% used [0x00000000c0000000,0x00000000c08df060,0x00000000c3f80000)
 Metaspace       used 26092K, capacity 26608K, committed 26880K, reserved 1073152K
  class space    used 3571K, capacity 3755K, committed 3840K, reserved 1048576K
Event: 5.935 GC heap after
Heap after GC invocations=7 (full 1):
 PSYoungGen      total 60928K, used 4328K [0x00000000eab00000, 0x00000000ef100000, 0x0000000100000000)
  eden space 49664K, 0% used [0x00000000eab00000,0x00000000eab00000,0x00000000edb80000)
  from space 11264K, 38% used [0x00000000ee600000,0x00000000eea3a310,0x00000000ef100000)
  to   space 10752K, 0% used [0x00000000edb80000,0x00000000edb80000,0x00000000ee600000)
 ParOldGen       total 65024K, used 9092K [0x00000000c0000000, 0x00000000c3f80000, 0x00000000eab00000)
  object space 65024K, 13% used [0x00000000c0000000,0x00000000c08e1060,0x00000000c3f80000)
 Metaspace       used 26092K, capacity 26608K, committed 26880K, reserved 1073152K
  class space    used 3571K, capacity 3755K, committed 3840K, reserved 1048576K
}
Event: 6.825 GC heap before
{Heap before GC invocations=8 (full 1):
 PSYoungGen      total 60928K, used 53992K [0x00000000eab00000, 0x00000000ef100000, 0x0000000100000000)
  eden space 49664K, 100% used [0x00000000eab00000,0x00000000edb80000,0x00000000edb80000)
  from space 11264K, 38% used [0x00000000ee600000,0x00000000eea3a310,0x00000000ef100000)
  to   space 10752K, 0% used [0x00000000edb80000,0x00000000edb80000,0x00000000ee600000)
 ParOldGen       total 65024K, used 9092K [0x00000000c0000000, 0x00000000c3f80000, 0x00000000eab00000)
  object space 65024K, 13% used [0x00000000c0000000,0x00000000c08e1060,0x00000000c3f80000)
 Metaspace       used 28784K, capacity 29352K, committed 29568K, reserved 1075200K
  class space    used 4000K, capacity 4177K, committed 4224K, reserved 1048576K
Event: 6.844 GC heap after
Heap after GC invocations=8 (full 1):
 PSYoungGen      total 60416K, used 7620K [0x00000000eab00000, 0x00000000f0b00000, 0x0000000100000000)
  eden space 49664K, 0% used [0x00000000eab00000,0x00000000eab00000,0x00000000edb80000)
  from space 10752K, 70% used [0x00000000edb80000,0x00000000ee2f12e0,0x00000000ee600000)
  to   space 10752K, 0% used [0x00000000f0080000,0x00000000f0080000,0x00000000f0b00000)
 ParOldGen       total 65024K, used 9100K [0x00000000c0000000, 0x00000000c3f80000, 0x00000000eab00000)
  object space 65024K, 13% used [0x00000000c0000000,0x00000000c08e3060,0x00000000c3f80000)
 Metaspace       used 28784K, capacity 29352K, committed 29568K, reserved 1075200K
  class space    used 4000K, capacity 4177K, committed 4224K, reserved 1048576K
}
Event: 7.721 GC heap before
{Heap before GC invocations=9 (full 1):
 PSYoungGen      total 60416K, used 44567K [0x00000000eab00000, 0x00000000f0b00000, 0x0000000100000000)
  eden space 49664K, 74% used [0x00000000eab00000,0x00000000ecf14a98,0x00000000edb80000)
  from space 10752K, 70% used [0x00000000edb80000,0x00000000ee2f12e0,0x00000000ee600000)
  to   space 10752K, 0% used [0x00000000f0080000,0x00000000f0080000,0x00000000f0b00000)
 ParOldGen       total 65024K, used 9100K [0x00000000c0000000, 0x00000000c3f80000, 0x00000000eab00000)
  object space 65024K, 13% used [0x00000000c0000000,0x00000000c08e3060,0x00000000c3f80000)
 Metaspace       used 34688K, capacity 35346K, committed 35416K, reserved 1079296K
  class space    used 4737K, capacity 4990K, committed 4992K, reserved 1048576K
Event: 7.737 GC heap after
Heap after GC invocations=9 (full 1):
 PSYoungGen      total 86016K, used 10273K [0x00000000eab00000, 0x00000000f0f00000, 0x0000000100000000)
  eden space 75264K, 0% used [0x00000000eab00000,0x00000000eab00000,0x00000000ef480000)
  from space 10752K, 95% used [0x00000000f0080000,0x00000000f0a88670,0x00000000f0b00000)
  to   space 12288K, 0% used [0x00000000ef480000,0x00000000ef480000,0x00000000f0080000)
 ParOldGen       total 65024K, used 9108K [0x00000000c0000000, 0x00000000c3f80000, 0x00000000eab00000)
  object space 65024K, 14% used [0x00000000c0000000,0x00000000c08e5060,0x00000000c3f80000)
 Metaspace       used 34688K, capacity 35346K, committed 35416K, reserved 1079296K
  class space    used 4737K, capacity 4990K, committed 4992K, reserved 1048576K
}
Event: 7.737 GC heap before
{Heap before GC invocations=10 (full 2):
 PSYoungGen      total 86016K, used 10273K [0x00000000eab00000, 0x00000000f0f00000, 0x0000000100000000)
  eden space 75264K, 0% used [0x00000000eab00000,0x00000000eab00000,0x00000000ef480000)
  from space 10752K, 95% used [0x00000000f0080000,0x00000000f0a88670,0x00000000f0b00000)
  to   space 12288K, 0% used [0x00000000ef480000,0x00000000ef480000,0x00000000f0080000)
 ParOldGen       total 65024K, used 9108K [0x00000000c0000000, 0x00000000c3f80000, 0x00000000eab00000)
  object space 65024K, 14% used [0x00000000c0000000,0x00000000c08e5060,0x00000000c3f80000)
 Metaspace       used 34688K, capacity 35346K, committed 35416K, reserved 1079296K
  class space    used 4737K, capacity 4990K, committed 4992K, reserved 1048576K
Event: 7.830 GC heap after
Heap after GC invocations=10 (full 2):
 PSYoungGen      total 86016K, used 0K [0x00000000eab00000, 0x00000000f0f00000, 0x0000000100000000)
  eden space 75264K, 0% used [0x00000000eab00000,0x00000000eab00000,0x00000000ef480000)
  from space 10752K, 0% used [0x00000000f0080000,0x00000000f0080000,0x00000000f0b00000)
  to   space 12288K, 0% used [0x00000000ef480000,0x00000000ef480000,0x00000000f0080000)
 ParOldGen       total 100864K, used 16463K [0x00000000c0000000, 0x00000000c6280000, 0x00000000eab00000)
  object space 100864K, 16% used [0x00000000c0000000,0x00000000c1013c98,0x00000000c6280000)
 Metaspace       used 34688K, capacity 35346K, committed 35416K, reserved 1079296K
  class space    used 4737K, capacity 4990K, committed 4992K, reserved 1048576K
}
Event: 9.047 GC heap before
{Heap before GC invocations=11 (full 2):
 PSYoungGen      total 86016K, used 75264K [0x00000000eab00000, 0x00000000f0f00000, 0x0000000100000000)
  eden space 75264K, 100% used [0x00000000eab00000,0x00000000ef480000,0x00000000ef480000)
  from space 10752K, 0% used [0x00000000f0080000,0x00000000f0080000,0x00000000f0b00000)
  to   space 12288K, 0% used [0x00000000ef480000,0x00000000ef480000,0x00000000f0080000)
 ParOldGen       total 100864K, used 16463K [0x00000000c0000000, 0x00000000c6280000, 0x00000000eab00000)
  object space 100864K, 16% used [0x00000000c0000000,0x00000000c1013c98,0x00000000c6280000)
 Metaspace       used 38601K, capacity 39294K, committed 39512K, reserved 1083392K
  class space    used 5215K, capacity 5460K, committed 5504K, reserved 1048576K
Event: 9.070 GC heap after
Heap after GC invocations=11 (full 2):
 PSYoungGen      total 87552K, used 8937K [0x00000000eab00000, 0x00000000f0f00000, 0x0000000100000000)
  eden space 75264K, 0% used [0x00000000eab00000,0x00000000eab00000,0x00000000ef480000)
  from space 12288K, 72% used [0x00000000ef480000,0x00000000efd3a418,0x00000000f0080000)
  to   space 10752K, 0% used [0x00000000f0080000,0x00000000f0080000,0x00000000f0b00000)
 ParOldGen       total 100864K, used 16463K [0x00000000c0000000, 0x00000000c6280000, 0x00000000eab00000)
  object space 100864K, 16% used [0x00000000c0000000,0x00000000c1013c98,0x00000000c6280000)
 Metaspace       used 38601K, capacity 39294K, committed 39512K, reserved 1083392K
  class space    used 5215K, capacity 5460K, committed 5504K, reserved 1048576K
}

