# JRE version: OpenJDK Runtime Environment (8.0_242-b01) (build 1.8.0_242-release-1644-b01)
# Java VM: OpenJDK 64-Bit Server VM (25.242-b01 mixed mode windows-amd64 compressed oops)
Heap:
 PSYoungGen      total 106496K, used 8457K [0x00000000eab00000, 0x00000000f4d80000, 0x0000000100000000)
  eden space 94720K, 8% used [0x00000000eab00000,0x00000000eb342720,0x00000000f0780000)
  from space 11776K, 0% used [0x00000000f0780000,0x00000000f0780000,0x00000000f1300000)
  to   space 11776K, 0% used [0x00000000f4200000,0x00000000f4200000,0x00000000f4d80000)
 ParOldGen       total 100864K, used 15107K [0x00000000c0000000, 0x00000000c6280000, 0x00000000eab00000)
  object space 100864K, 14% used [0x00000000c0000000,0x00000000c0ec0d98,0x00000000c6280000)
 Metaspace       used 35189K, capacity 35864K, committed 36056K, reserved 1081344K
  class space    used 4832K, capacity 5055K, committed 5120K, reserved 1048576K
GC Heap History (10 events):
Event: 4.148 GC heap before
{Heap before GC invocations=5 (full 1):
 PSYoungGen      total 71680K, used 5088K [0x00000000eab00000, 0x00000000ef600000, 0x0000000100000000)
  eden space 66560K, 0% used [0x00000000eab00000,0x00000000eab00000,0x00000000eec00000)
  from space 5120K, 99% used [0x00000000ef100000,0x00000000ef5f8030,0x00000000ef600000)
  to   space 5120K, 0% used [0x00000000eec00000,0x00000000eec00000,0x00000000ef100000)
 ParOldGen       total 87552K, used 7823K [0x00000000c0000000, 0x00000000c5580000, 0x00000000eab00000)
  object space 87552K, 8% used [0x00000000c0000000,0x00000000c07a3fb0,0x00000000c5580000)
 Metaspace       used 20724K, capacity 21178K, committed 21248K, reserved 1067008K
  class space    used 2860K, capacity 3035K, committed 3072K, reserved 1048576K
Event: 4.211 GC heap after
Heap after GC invocations=5 (full 1):
 PSYoungGen      total 71680K, used 0K [0x00000000eab00000, 0x00000000ef600000, 0x0000000100000000)
  eden space 66560K, 0% used [0x00000000eab00000,0x00000000eab00000,0x00000000eec00000)
  from space 5120K, 0% used [0x00000000ef100000,0x00000000ef100000,0x00000000ef600000)
  to   space 5120K, 0% used [0x00000000eec00000,0x00000000eec00000,0x00000000ef100000)
 ParOldGen       total 65024K, used 9090K [0x00000000c0000000, 0x00000000c3f80000, 0x00000000eab00000)
  object space 65024K, 13% used [0x00000000c0000000,0x00000000c08e09a0,0x00000000c3f80000)
 Metaspace       used 20724K, capacity 21178K, committed 21248K, reserved 1067008K
  class space    used 2860K, capacity 3035K, committed 3072K, reserved 1048576K
}
Event: 5.581 GC heap before
{Heap before GC invocations=6 (full 1):
 PSYoungGen      total 71680K, used 66560K [0x00000000eab00000, 0x00000000ef600000, 0x0000000100000000)
  eden space 66560K, 100% used [0x00000000eab00000,0x00000000eec00000,0x00000000eec00000)
  from space 5120K, 0% used [0x00000000ef100000,0x00000000ef100000,0x00000000ef600000)
  to   space 5120K, 0% used [0x00000000eec00000,0x00000000eec00000,0x00000000ef100000)
 ParOldGen       total 65024K, used 9090K [0x00000000c0000000, 0x00000000c3f80000, 0x00000000eab00000)
  object space 65024K, 13% used [0x00000000c0000000,0x00000000c08e09a0,0x00000000c3f80000)
 Metaspace       used 26109K, capacity 26608K, committed 26880K, reserved 1073152K
  class space    used 3571K, capacity 3755K, committed 3840K, reserved 1048576K
Event: 5.591 GC heap after
Heap after GC invocations=6 (full 1):
 PSYoungGen      total 71680K, used 5116K [0x00000000eab00000, 0x00000000f1d00000, 0x0000000100000000)
  eden space 66560K, 0% used [0x00000000eab00000,0x00000000eab00000,0x00000000eec00000)
  from space 5120K, 99% used [0x00000000eec00000,0x00000000ef0ff1d0,0x00000000ef100000)
  to   space 10240K, 0% used [0x00000000f1300000,0x00000000f1300000,0x00000000f1d00000)
 ParOldGen       total 65024K, used 10834K [0x00000000c0000000, 0x00000000c3f80000, 0x00000000eab00000)
  object space 65024K, 16% used [0x00000000c0000000,0x00000000c0a94860,0x00000000c3f80000)
 Metaspace       used 26109K, capacity 26608K, committed 26880K, reserved 1073152K
  class space    used 3571K, capacity 3755K, committed 3840K, reserved 1048576K
}
Event: 7.026 GC heap before
{Heap before GC invocations=7 (full 1):
 PSYoungGen      total 71680K, used 71676K [0x00000000eab00000, 0x00000000f1d00000, 0x0000000100000000)
  eden space 66560K, 100% used [0x00000000eab00000,0x00000000eec00000,0x00000000eec00000)
  from space 5120K, 99% used [0x00000000eec00000,0x00000000ef0ff1d0,0x00000000ef100000)
  to   space 10240K, 0% used [0x00000000f1300000,0x00000000f1300000,0x00000000f1d00000)
 ParOldGen       total 65024K, used 10834K [0x00000000c0000000, 0x00000000c3f80000, 0x00000000eab00000)
  object space 65024K, 16% used [0x00000000c0000000,0x00000000c0a94860,0x00000000c3f80000)
 Metaspace       used 30490K, capacity 31172K, committed 31360K, reserved 1077248K
  class space    used 4212K, capacity 4426K, committed 4480K, reserved 1048576K
Event: 7.056 GC heap after
Heap after GC invocations=7 (full 1):
 PSYoungGen      total 104960K, used 10078K [0x00000000eab00000, 0x00000000f2300000, 0x0000000100000000)
  eden space 94720K, 0% used [0x00000000eab00000,0x00000000eab00000,0x00000000f0780000)
  from space 10240K, 98% used [0x00000000f1300000,0x00000000f1cd7838,0x00000000f1d00000)
  to   space 11776K, 0% used [0x00000000f0780000,0x00000000f0780000,0x00000000f1300000)
 ParOldGen       total 65024K, used 10842K [0x00000000c0000000, 0x00000000c3f80000, 0x00000000eab00000)
  object space 65024K, 16% used [0x00000000c0000000,0x00000000c0a96860,0x00000000c3f80000)
 Metaspace       used 30490K, capacity 31172K, committed 31360K, reserved 1077248K
  class space    used 4212K, capacity 4426K, committed 4480K, reserved 1048576K
}
Event: 7.680 GC heap before
{Heap before GC invocations=8 (full 1):
 PSYoungGen      total 104960K, used 30886K [0x00000000eab00000, 0x00000000f2300000, 0x0000000100000000)
  eden space 94720K, 21% used [0x00000000eab00000,0x00000000ebf51ff0,0x00000000f0780000)
  from space 10240K, 98% used [0x00000000f1300000,0x00000000f1cd7838,0x00000000f1d00000)
  to   space 11776K, 0% used [0x00000000f0780000,0x00000000f0780000,0x00000000f1300000)
 ParOldGen       total 65024K, used 10842K [0x00000000c0000000, 0x00000000c3f80000, 0x00000000eab00000)
  object space 65024K, 16% used [0x00000000c0000000,0x00000000c0a96860,0x00000000c3f80000)
 Metaspace       used 34682K, capacity 35282K, committed 35416K, reserved 1079296K
  class space    used 4737K, capacity 4990K, committed 4992K, reserved 1048576K
Event: 7.692 GC heap after
Heap after GC invocations=8 (full 1):
 PSYoungGen      total 106496K, used 8899K [0x00000000eab00000, 0x00000000f4d80000, 0x0000000100000000)
  eden space 94720K, 0% used [0x00000000eab00000,0x00000000eab00000,0x00000000f0780000)
  from space 11776K, 75% used [0x00000000f0780000,0x00000000f1030fd0,0x00000000f1300000)
  to   space 11776K, 0% used [0x00000000f4200000,0x00000000f4200000,0x00000000f4d80000)
 ParOldGen       total 65024K, used 10850K [0x00000000c0000000, 0x00000000c3f80000, 0x00000000eab00000)
  object space 65024K, 16% used [0x00000000c0000000,0x00000000c0a98860,0x00000000c3f80000)
 Metaspace       used 34682K, capacity 35282K, committed 35416K, reserved 1079296K
  class space    used 4737K, capacity 4990K, committed 4992K, reserved 1048576K
}
Event: 7.692 GC heap before
{Heap before GC invocations=9 (full 2):
 PSYoungGen      total 106496K, used 8899K [0x00000000eab00000, 0x00000000f4d80000, 0x0000000100000000)
  eden space 94720K, 0% used [0x00000000eab00000,0x00000000eab00000,0x00000000f0780000)
  from space 11776K, 75% used [0x00000000f0780000,0x00000000f1030fd0,0x00000000f1300000)
  to   space 11776K, 0% used [0x00000000f4200000,0x00000000f4200000,0x00000000f4d80000)
 ParOldGen       total 65024K, used 10850K [0x00000000c0000000, 0x00000000c3f80000, 0x00000000eab00000)
  object space 65024K, 16% used [0x00000000c0000000,0x00000000c0a98860,0x00000000c3f80000)
 Metaspace       used 34682K, capacity 35282K, committed 35416K, reserved 1079296K
  class space    used 4737K, capacity 4990K, committed 4992K, reserved 1048576K
Event: 7.794 GC heap after
Heap after GC invocations=9 (full 2):
 PSYoungGen      total 106496K, used 0K [0x00000000eab00000, 0x00000000f4d80000, 0x0000000100000000)
  eden space 94720K, 0% used [0x00000000eab00000,0x00000000eab00000,0x00000000f0780000)
  from space 11776K, 0% used [0x00000000f0780000,0x00000000f0780000,0x00000000f1300000)
  to   space 11776K, 0% used [0x00000000f4200000,0x00000000f4200000,0x00000000f4d80000)
 ParOldGen       total 100864K, used 15107K [0x00000000c0000000, 0x00000000c6280000, 0x00000000eab00000)
  object space 100864K, 14% used [0x00000000c0000000,0x00000000c0ec0d98,0x00000000c6280000)
 Metaspace       used 34682K, capacity 35282K, committed 35416K, reserved 1079296K
  class space    used 4737K, capacity 4990K, committed 4992K, reserved 1048576K
}

