# JRE version: OpenJDK Runtime Environment (8.0_242-b01) (build 1.8.0_242-release-1644-b01)
# Java VM: OpenJDK 64-Bit Server VM (25.242-b01 mixed mode windows-amd64 compressed oops)
Heap:
 PSYoungGen      total 87040K, used 22024K [0x00000000eab00000, 0x00000000f1000000, 0x0000000100000000)
  eden space 73728K, 18% used [0x00000000eab00000,0x00000000eb82c828,0x00000000ef300000)
  from space 13312K, 64% used [0x00000000ef300000,0x00000000efb55840,0x00000000f0000000)
  to   space 11264K, 0% used [0x00000000f0000000,0x00000000f0000000,0x00000000f0b00000)
 ParOldGen       total 65024K, used 29559K [0x00000000c0000000, 0x00000000c3f80000, 0x00000000eab00000)
  object space 65024K, 45% used [0x00000000c0000000,0x00000000c1cdded8,0x00000000c3f80000)
 Metaspace       used 53818K, capacity 55706K, committed 55936K, reserved 1097728K
  class space    used 7326K, capacity 7798K, committed 7808K, reserved 1048576K
GC Heap History (10 events):
Event: 11.045 GC heap before
{Heap before GC invocations=13 (full 2):
 PSYoungGen      total 84992K, used 81036K [0x00000000eab00000, 0x00000000f1000000, 0x0000000100000000)
  eden space 73728K, 100% used [0x00000000eab00000,0x00000000ef300000,0x00000000ef300000)
  from space 11264K, 64% used [0x00000000f0000000,0x00000000f0723188,0x00000000f0b00000)
  to   space 13312K, 0% used [0x00000000ef300000,0x00000000ef300000,0x00000000f0000000)
 ParOldGen       total 65024K, used 15405K [0x00000000c0000000, 0x00000000c3f80000, 0x00000000eab00000)
  object space 65024K, 23% used [0x00000000c0000000,0x00000000c0f0b760,0x00000000c3f80000)
 Metaspace       used 46557K, capacity 47692K, committed 48000K, reserved 1091584K
  class space    used 6315K, capacity 6663K, committed 6784K, reserved 1048576K
Event: 11.074 GC heap after
Heap after GC invocations=13 (full 2):
 PSYoungGen      total 87040K, used 12283K [0x00000000eab00000, 0x00000000f1000000, 0x0000000100000000)
  eden space 73728K, 0% used [0x00000000eab00000,0x00000000eab00000,0x00000000ef300000)
  from space 13312K, 92% used [0x00000000ef300000,0x00000000efefef40,0x00000000f0000000)
  to   space 11264K, 0% used [0x00000000f0000000,0x00000000f0000000,0x00000000f0b00000)
 ParOldGen       total 65024K, used 15413K [0x00000000c0000000, 0x00000000c3f80000, 0x00000000eab00000)
  object space 65024K, 23% used [0x00000000c0000000,0x00000000c0f0d760,0x00000000c3f80000)
 Metaspace       used 46557K, capacity 47692K, committed 48000K, reserved 1091584K
  class space    used 6315K, capacity 6663K, committed 6784K, reserved 1048576K
}
Event: 11.662 GC heap before
{Heap before GC invocations=14 (full 2):
 PSYoungGen      total 87040K, used 86011K [0x00000000eab00000, 0x00000000f1000000, 0x0000000100000000)
  eden space 73728K, 100% used [0x00000000eab00000,0x00000000ef300000,0x00000000ef300000)
  from space 13312K, 92% used [0x00000000ef300000,0x00000000efefef40,0x00000000f0000000)
  to   space 11264K, 0% used [0x00000000f0000000,0x00000000f0000000,0x00000000f0b00000)
 ParOldGen       total 65024K, used 15413K [0x00000000c0000000, 0x00000000c3f80000, 0x00000000eab00000)
  object space 65024K, 23% used [0x00000000c0000000,0x00000000c0f0d760,0x00000000c3f80000)
 Metaspace       used 46949K, capacity 48102K, committed 48512K, reserved 1091584K
  class space    used 6323K, capacity 6678K, committed 6784K, reserved 1048576K
Event: 11.678 GC heap after
Heap after GC invocations=14 (full 2):
 PSYoungGen      total 84992K, used 11234K [0x00000000eab00000, 0x00000000f1000000, 0x0000000100000000)
  eden space 73728K, 0% used [0x00000000eab00000,0x00000000eab00000,0x00000000ef300000)
  from space 11264K, 99% used [0x00000000f0000000,0x00000000f0af88a8,0x00000000f0b00000)
  to   space 13312K, 0% used [0x00000000ef300000,0x00000000ef300000,0x00000000f0000000)
 ParOldGen       total 65024K, used 17659K [0x00000000c0000000, 0x00000000c3f80000, 0x00000000eab00000)
  object space 65024K, 27% used [0x00000000c0000000,0x00000000c113ee60,0x00000000c3f80000)
 Metaspace       used 46949K, capacity 48102K, committed 48512K, reserved 1091584K
  class space    used 6323K, capacity 6678K, committed 6784K, reserved 1048576K
}
Event: 12.245 GC heap before
{Heap before GC invocations=15 (full 2):
 PSYoungGen      total 84992K, used 84962K [0x00000000eab00000, 0x00000000f1000000, 0x0000000100000000)
  eden space 73728K, 100% used [0x00000000eab00000,0x00000000ef300000,0x00000000ef300000)
  from space 11264K, 99% used [0x00000000f0000000,0x00000000f0af88a8,0x00000000f0b00000)
  to   space 13312K, 0% used [0x00000000ef300000,0x00000000ef300000,0x00000000f0000000)
 ParOldGen       total 65024K, used 17659K [0x00000000c0000000, 0x00000000c3f80000, 0x00000000eab00000)
  object space 65024K, 27% used [0x00000000c0000000,0x00000000c113ee60,0x00000000c3f80000)
 Metaspace       used 47212K, capacity 48412K, committed 48768K, reserved 1091584K
  class space    used 6339K, capacity 6715K, committed 6784K, reserved 1048576K
Event: 12.259 GC heap after
Heap after GC invocations=15 (full 2):
 PSYoungGen      total 87040K, used 10117K [0x00000000eab00000, 0x00000000f1000000, 0x0000000100000000)
  eden space 73728K, 0% used [0x00000000eab00000,0x00000000eab00000,0x00000000ef300000)
  from space 13312K, 76% used [0x00000000ef300000,0x00000000efce1720,0x00000000f0000000)
  to   space 11264K, 0% used [0x00000000f0000000,0x00000000f0000000,0x00000000f0b00000)
 ParOldGen       total 65024K, used 21114K [0x00000000c0000000, 0x00000000c3f80000, 0x00000000eab00000)
  object space 65024K, 32% used [0x00000000c0000000,0x00000000c149ea68,0x00000000c3f80000)
 Metaspace       used 47212K, capacity 48412K, committed 48768K, reserved 1091584K
  class space    used 6339K, capacity 6715K, committed 6784K, reserved 1048576K
}
Event: 13.086 GC heap before
{Heap before GC invocations=16 (full 2):
 PSYoungGen      total 87040K, used 83845K [0x00000000eab00000, 0x00000000f1000000, 0x0000000100000000)
  eden space 73728K, 100% used [0x00000000eab00000,0x00000000ef300000,0x00000000ef300000)
  from space 13312K, 76% used [0x00000000ef300000,0x00000000efce1720,0x00000000f0000000)
  to   space 11264K, 0% used [0x00000000f0000000,0x00000000f0000000,0x00000000f0b00000)
 ParOldGen       total 65024K, used 21114K [0x00000000c0000000, 0x00000000c3f80000, 0x00000000eab00000)
  object space 65024K, 32% used [0x00000000c0000000,0x00000000c149ea68,0x00000000c3f80000)
 Metaspace       used 48900K, capacity 50212K, committed 50560K, reserved 1093632K
  class space    used 6558K, capacity 6976K, committed 7040K, reserved 1048576K
Event: 13.110 GC heap after
Heap after GC invocations=16 (full 2):
 PSYoungGen      total 84992K, used 5071K [0x00000000eab00000, 0x00000000f1000000, 0x0000000100000000)
  eden space 73728K, 0% used [0x00000000eab00000,0x00000000eab00000,0x00000000ef300000)
  from space 11264K, 45% used [0x00000000f0000000,0x00000000f04f3db8,0x00000000f0b00000)
  to   space 13312K, 0% used [0x00000000ef300000,0x00000000ef300000,0x00000000f0000000)
 ParOldGen       total 65024K, used 27777K [0x00000000c0000000, 0x00000000c3f80000, 0x00000000eab00000)
  object space 65024K, 42% used [0x00000000c0000000,0x00000000c1b20428,0x00000000c3f80000)
 Metaspace       used 48900K, capacity 50212K, committed 50560K, reserved 1093632K
  class space    used 6558K, capacity 6976K, committed 7040K, reserved 1048576K
}
Event: 14.525 GC heap before
{Heap before GC invocations=17 (full 2):
 PSYoungGen      total 84992K, used 78799K [0x00000000eab00000, 0x00000000f1000000, 0x0000000100000000)
  eden space 73728K, 100% used [0x00000000eab00000,0x00000000ef300000,0x00000000ef300000)
  from space 11264K, 45% used [0x00000000f0000000,0x00000000f04f3db8,0x00000000f0b00000)
  to   space 13312K, 0% used [0x00000000ef300000,0x00000000ef300000,0x00000000f0000000)
 ParOldGen       total 65024K, used 27777K [0x00000000c0000000, 0x00000000c3f80000, 0x00000000eab00000)
  object space 65024K, 42% used [0x00000000c0000000,0x00000000c1b20428,0x00000000c3f80000)
 Metaspace       used 53284K, capacity 55220K, committed 55424K, reserved 1097728K
  class space    used 7231K, capacity 7701K, committed 7808K, reserved 1048576K
Event: 14.552 GC heap after
Heap after GC invocations=17 (full 2):
 PSYoungGen      total 87040K, used 8534K [0x00000000eab00000, 0x00000000f1000000, 0x0000000100000000)
  eden space 73728K, 0% used [0x00000000eab00000,0x00000000eab00000,0x00000000ef300000)
  from space 13312K, 64% used [0x00000000ef300000,0x00000000efb55840,0x00000000f0000000)
  to   space 11264K, 0% used [0x00000000f0000000,0x00000000f0000000,0x00000000f0b00000)
 ParOldGen       total 65024K, used 29559K [0x00000000c0000000, 0x00000000c3f80000, 0x00000000eab00000)
  object space 65024K, 45% used [0x00000000c0000000,0x00000000c1cdded8,0x00000000c3f80000)
 Metaspace       used 53284K, capacity 55220K, committed 55424K, reserved 1097728K
  class space    used 7231K, capacity 7701K, committed 7808K, reserved 1048576K
}

