# JRE version: OpenJDK Runtime Environment (8.0_242-b01) (build 1.8.0_242-release-1644-b01)
# Java VM: OpenJDK 64-Bit Server VM (25.242-b01 mixed mode windows-amd64 compressed oops)
Heap:
 PSYoungGen      total 119808K, used 89676K [0x00000000eab00000, 0x00000000f3380000, 0x0000000100000000)
  eden space 112128K, 73% used [0x00000000eab00000,0x00000000efb17f30,0x00000000f1880000)
  from space 7680K, 99% used [0x00000000f2c00000,0x00000000f337b240,0x00000000f3380000)
  to   space 12288K, 0% used [0x00000000f1b80000,0x00000000f1b80000,0x00000000f2780000)
 ParOldGen       total 83456K, used 16371K [0x00000000c0000000, 0x00000000c5180000, 0x00000000eab00000)
  object space 83456K, 19% used [0x00000000c0000000,0x00000000c0ffcd08,0x00000000c5180000)
 Metaspace       used 49601K, capacity 50740K, committed 51032K, reserved 1093632K
  class space    used 6630K, capacity 6963K, committed 7040K, reserved 1048576K
GC Heap History (10 events):
Event: 10.671 GC heap before
{Heap before GC invocations=8 (full 1):
 PSYoungGen      total 62464K, used 57040K [0x00000000eab00000, 0x00000000ef280000, 0x0000000100000000)
  eden space 51712K, 100% used [0x00000000eab00000,0x00000000edd80000,0x00000000edd80000)
  from space 10752K, 49% used [0x00000000ee800000,0x00000000eed34118,0x00000000ef280000)
  to   space 10752K, 0% used [0x00000000edd80000,0x00000000edd80000,0x00000000ee800000)
 ParOldGen       total 62976K, used 8970K [0x00000000c0000000, 0x00000000c3d80000, 0x00000000eab00000)
  object space 62976K, 14% used [0x00000000c0000000,0x00000000c08c2910,0x00000000c3d80000)
 Metaspace       used 31101K, capacity 31834K, committed 32128K, reserved 1077248K
  class space    used 4134K, capacity 4362K, committed 4480K, reserved 1048576K
Event: 10.687 GC heap after
Heap after GC invocations=8 (full 1):
 PSYoungGen      total 62464K, used 9356K [0x00000000eab00000, 0x00000000f1080000, 0x0000000100000000)
  eden space 51712K, 0% used [0x00000000eab00000,0x00000000eab00000,0x00000000edd80000)
  from space 10752K, 87% used [0x00000000edd80000,0x00000000ee6a30e8,0x00000000ee800000)
  to   space 11776K, 0% used [0x00000000f0500000,0x00000000f0500000,0x00000000f1080000)
 ParOldGen       total 62976K, used 8978K [0x00000000c0000000, 0x00000000c3d80000, 0x00000000eab00000)
  object space 62976K, 14% used [0x00000000c0000000,0x00000000c08c4910,0x00000000c3d80000)
 Metaspace       used 31101K, capacity 31834K, committed 32128K, reserved 1077248K
  class space    used 4134K, capacity 4362K, committed 4480K, reserved 1048576K
}
Event: 11.926 GC heap before
{Heap before GC invocations=9 (full 1):
 PSYoungGen      total 62464K, used 61068K [0x00000000eab00000, 0x00000000f1080000, 0x0000000100000000)
  eden space 51712K, 100% used [0x00000000eab00000,0x00000000edd80000,0x00000000edd80000)
  from space 10752K, 87% used [0x00000000edd80000,0x00000000ee6a30e8,0x00000000ee800000)
  to   space 11776K, 0% used [0x00000000f0500000,0x00000000f0500000,0x00000000f1080000)
 ParOldGen       total 62976K, used 8978K [0x00000000c0000000, 0x00000000c3d80000, 0x00000000eab00000)
  object space 62976K, 14% used [0x00000000c0000000,0x00000000c08c4910,0x00000000c3d80000)
 Metaspace       used 33503K, capacity 34362K, committed 34560K, reserved 1079296K
  class space    used 4530K, capacity 4821K, committed 4864K, reserved 1048576K
Event: 11.953 GC heap after
Heap after GC invocations=9 (full 1):
 PSYoungGen      total 90624K, used 11756K [0x00000000eab00000, 0x00000000f1700000, 0x0000000100000000)
  eden space 78848K, 0% used [0x00000000eab00000,0x00000000eab00000,0x00000000ef800000)
  from space 11776K, 99% used [0x00000000f0500000,0x00000000f107b238,0x00000000f1080000)
  to   space 13312K, 0% used [0x00000000ef800000,0x00000000ef800000,0x00000000f0500000)
 ParOldGen       total 62976K, used 8986K [0x00000000c0000000, 0x00000000c3d80000, 0x00000000eab00000)
  object space 62976K, 14% used [0x00000000c0000000,0x00000000c08c6910,0x00000000c3d80000)
 Metaspace       used 33503K, capacity 34362K, committed 34560K, reserved 1079296K
  class space    used 4530K, capacity 4821K, committed 4864K, reserved 1048576K
}
Event: 12.128 GC heap before
{Heap before GC invocations=10 (full 1):
 PSYoungGen      total 90624K, used 19395K [0x00000000eab00000, 0x00000000f1700000, 0x0000000100000000)
  eden space 78848K, 9% used [0x00000000eab00000,0x00000000eb275a80,0x00000000ef800000)
  from space 11776K, 99% used [0x00000000f0500000,0x00000000f107b238,0x00000000f1080000)
  to   space 13312K, 0% used [0x00000000ef800000,0x00000000ef800000,0x00000000f0500000)
 ParOldGen       total 62976K, used 8986K [0x00000000c0000000, 0x00000000c3d80000, 0x00000000eab00000)
  object space 62976K, 14% used [0x00000000c0000000,0x00000000c08c6910,0x00000000c3d80000)
 Metaspace       used 34362K, capacity 35264K, committed 35416K, reserved 1079296K
  class space    used 4638K, capacity 4888K, committed 4992K, reserved 1048576K
Event: 12.150 GC heap after
Heap after GC invocations=10 (full 1):
 PSYoungGen      total 92160K, used 7561K [0x00000000eab00000, 0x00000000f3880000, 0x0000000100000000)
  eden space 78848K, 0% used [0x00000000eab00000,0x00000000eab00000,0x00000000ef800000)
  from space 13312K, 56% used [0x00000000ef800000,0x00000000eff62468,0x00000000f0500000)
  to   space 12800K, 0% used [0x00000000f2c00000,0x00000000f2c00000,0x00000000f3880000)
 ParOldGen       total 62976K, used 11846K [0x00000000c0000000, 0x00000000c3d80000, 0x00000000eab00000)
  object space 62976K, 18% used [0x00000000c0000000,0x00000000c0b91b60,0x00000000c3d80000)
 Metaspace       used 34362K, capacity 35264K, committed 35416K, reserved 1079296K
  class space    used 4638K, capacity 4888K, committed 4992K, reserved 1048576K
}
Event: 12.150 GC heap before
{Heap before GC invocations=11 (full 2):
 PSYoungGen      total 92160K, used 7561K [0x00000000eab00000, 0x00000000f3880000, 0x0000000100000000)
  eden space 78848K, 0% used [0x00000000eab00000,0x00000000eab00000,0x00000000ef800000)
  from space 13312K, 56% used [0x00000000ef800000,0x00000000eff62468,0x00000000f0500000)
  to   space 12800K, 0% used [0x00000000f2c00000,0x00000000f2c00000,0x00000000f3880000)
 ParOldGen       total 62976K, used 11846K [0x00000000c0000000, 0x00000000c3d80000, 0x00000000eab00000)
  object space 62976K, 18% used [0x00000000c0000000,0x00000000c0b91b60,0x00000000c3d80000)
 Metaspace       used 34362K, capacity 35264K, committed 35416K, reserved 1079296K
  class space    used 4638K, capacity 4888K, committed 4992K, reserved 1048576K
Event: 12.261 GC heap after
Heap after GC invocations=11 (full 2):
 PSYoungGen      total 92160K, used 0K [0x00000000eab00000, 0x00000000f3880000, 0x0000000100000000)
  eden space 78848K, 0% used [0x00000000eab00000,0x00000000eab00000,0x00000000ef800000)
  from space 13312K, 0% used [0x00000000ef800000,0x00000000ef800000,0x00000000f0500000)
  to   space 12800K, 0% used [0x00000000f2c00000,0x00000000f2c00000,0x00000000f3880000)
 ParOldGen       total 83456K, used 16363K [0x00000000c0000000, 0x00000000c5180000, 0x00000000eab00000)
  object space 83456K, 19% used [0x00000000c0000000,0x00000000c0ffad08,0x00000000c5180000)
 Metaspace       used 34317K, capacity 35164K, committed 35416K, reserved 1079296K
  class space    used 4627K, capacity 4876K, committed 4992K, reserved 1048576K
}
Event: 13.521 GC heap before
{Heap before GC invocations=12 (full 2):
 PSYoungGen      total 92160K, used 78848K [0x00000000eab00000, 0x00000000f3880000, 0x0000000100000000)
  eden space 78848K, 100% used [0x00000000eab00000,0x00000000ef800000,0x00000000ef800000)
  from space 13312K, 0% used [0x00000000ef800000,0x00000000ef800000,0x00000000f0500000)
  to   space 12800K, 0% used [0x00000000f2c00000,0x00000000f2c00000,0x00000000f3880000)
 ParOldGen       total 83456K, used 16363K [0x00000000c0000000, 0x00000000c5180000, 0x00000000eab00000)
  object space 83456K, 19% used [0x00000000c0000000,0x00000000c0ffad08,0x00000000c5180000)
 Metaspace       used 41872K, capacity 42836K, committed 43352K, reserved 1087488K
  class space    used 5568K, capacity 5899K, committed 6016K, reserved 1048576K
Event: 13.541 GC heap after
Heap after GC invocations=12 (full 2):
 PSYoungGen      total 119808K, used 7660K [0x00000000eab00000, 0x00000000f3380000, 0x0000000100000000)
  eden space 112128K, 0% used [0x00000000eab00000,0x00000000eab00000,0x00000000f1880000)
  from space 7680K, 99% used [0x00000000f2c00000,0x00000000f337b240,0x00000000f3380000)
  to   space 12288K, 0% used [0x00000000f1b80000,0x00000000f1b80000,0x00000000f2780000)
 ParOldGen       total 83456K, used 16371K [0x00000000c0000000, 0x00000000c5180000, 0x00000000eab00000)
  object space 83456K, 19% used [0x00000000c0000000,0x00000000c0ffcd08,0x00000000c5180000)
 Metaspace       used 41872K, capacity 42836K, committed 43352K, reserved 1087488K
  class space    used 5568K, capacity 5899K, committed 6016K, reserved 1048576K
}

